<?xml version="1.0" encoding="UTF-8"?>
<!-- Generated by org.testng.reporters.JUnitXMLReporter -->
<testsuite hostname="Admin-PC" ignored="0" name="Test" tests="6" failures="0" timestamp="30 Mar 2018 07:20:27 GMT" time="0.095" errors="0">
  <testcase name="PostData" time="0.032" classname="testmodule.RestapiTest"/>
  <testcase name="RetriveData" time="0.0" classname="testmodule.RestapiTest"/>
  <testcase name="BrowserAuto" time="0.0" classname="testmodule.SeleniumTest"/>
  <testcase name="BrowserTest" time="0.016" classname="testmodule.SeleniumTest"/>
  <testcase name="AppTest" time="0.0" classname="testmodule.AppiumTest"/>
  <testcase name="MobileBrowser" time="0.0" classname="testmodule.AppiumTest"/>
</testsuite> <!-- Test -->
