<?xml version="1.0" encoding="UTF-8"?>
<testng-results skipped="0" failed="0" ignored="0" total="1" passed="1">
  <reporter-output>
  </reporter-output>
  <suite name="Default suite" duration-ms="16412" started-at="2018-08-08T17:18:38Z" finished-at="2018-08-08T17:18:55Z">
    <groups>
    </groups>
    <test name="Default test" duration-ms="16412" started-at="2018-08-08T17:18:38Z" finished-at="2018-08-08T17:18:55Z">
      <class name="testmodule.TableTest">
        <test-method status="PASS" signature="Table()[pri:0, instance:testmodule.TableTest@be92ad]" name="Table" duration-ms="16386" started-at="2018-08-08T17:18:38Z" finished-at="2018-08-08T17:18:55Z">
          <reporter-output>
          </reporter-output>
        </test-method> <!-- Table -->
      </class> <!-- testmodule.TableTest -->
    </test> <!-- Default test -->
  </suite> <!-- Default suite -->
</testng-results>
