<?xml version="1.0" encoding="UTF-8"?>
<!-- Generated by org.testng.reporters.JUnitXMLReporter -->
<testsuite hostname="Admin-PC" ignored="0" name="Surefire test" tests="6" failures="0" timestamp="30 Mar 2018 07:50:12 GMT" time="0.033" errors="0">
  <testcase name="AppTest" time="0.0" classname="testmodule.AppiumTest"/>
  <testcase name="MobileBrowser" time="0.0" classname="testmodule.AppiumTest"/>
  <testcase name="PostData" time="0.0" classname="testmodule.RestapiTest"/>
  <testcase name="RetriveData" time="0.0" classname="testmodule.RestapiTest"/>
  <testcase name="BrowserAuto" time="0.0" classname="testmodule.SeleniumTest"/>
  <testcase name="BrowserTest" time="0.0" classname="testmodule.SeleniumTest"/>
</testsuite> <!-- Surefire test -->
