<?xml version="1.0" encoding="UTF-8"?>
<!-- Generated by org.testng.reporters.JUnitXMLReporter -->
<testsuite hostname="Admin-PC" ignored="0" name="Test" tests="5" failures="1" timestamp="29 Aug 2018 18:59:44 GMT" time="0.003" errors="0">
  <testcase name="Arithmetic" time="0.0" classname="testmodule.RestapiTest">
    <failure type="java.lang.ArithmeticException" message="/ by zero">
      <![CDATA[java.lang.ArithmeticException: / by zero
at testmodule.RestapiTest.Arithmetic(RestapiTest.java:30)
... Removed 29 stack frames]]>
    </failure>
  </testcase> <!-- Arithmetic -->
  <testcase name="PostData" time="0.0" classname="testmodule.RestapiTest"/>
  <testcase name="RetriveData" time="0.0" classname="testmodule.RestapiTest"/>
  <testcase name="BrowserAuto" time="0.0" classname="testmodule.SeleniumTest"/>
  <testcase name="BrowserTest" time="0.0" classname="testmodule.SeleniumTest"/>
</testsuite> <!-- Test -->
