<?xml version="1.0" encoding="UTF-8"?>
<testng-results skipped="0" failed="1" ignored="0" total="5" passed="4">
  <reporter-output>
  </reporter-output>
  <suite name="Suite" duration-ms="47" started-at="2018-08-29T19:05:27Z" finished-at="2018-08-29T19:05:27Z">
    <groups>
    </groups>
    <test name="Test" duration-ms="47" started-at="2018-08-29T19:05:27Z" finished-at="2018-08-29T19:05:27Z">
      <class name="testmodule.RestapiTest">
        <test-method status="FAIL" signature="Arithmetic()[pri:0, instance:testmodule.RestapiTest@da1055]" name="Arithmetic" duration-ms="8" started-at="2018-08-29T19:05:27Z" finished-at="2018-08-29T19:05:27Z">
          <exception class="java.lang.ArithmeticException">
            <message>
              <![CDATA[/ by zero]]>
            </message>
            <full-stacktrace>
              <![CDATA[java.lang.ArithmeticException: / by zero
at testmodule.RestapiTest.Arithmetic(RestapiTest.java:30)
at sun.reflect.NativeMethodAccessorImpl.invoke0(Native Method)
at sun.reflect.NativeMethodAccessorImpl.invoke(NativeMethodAccessorImpl.java:62)
at sun.reflect.DelegatingMethodAccessorImpl.invoke(DelegatingMethodAccessorImpl.java:43)
at java.lang.reflect.Method.invoke(Method.java:498)
at org.testng.internal.MethodInvocationHelper.invokeMethod(MethodInvocationHelper.java:124)
at org.testng.internal.Invoker.invokeMethod(Invoker.java:580)
at org.testng.internal.Invoker.invokeTestMethod(Invoker.java:716)
at org.testng.internal.Invoker.invokeTestMethods(Invoker.java:988)
at org.testng.internal.TestMethodWorker.invokeTestMethods(TestMethodWorker.java:125)
at org.testng.internal.TestMethodWorker.run(TestMethodWorker.java:109)
at org.testng.TestRunner.privateRun(TestRunner.java:648)
at org.testng.TestRunner.run(TestRunner.java:505)
at org.testng.SuiteRunner.runTest(SuiteRunner.java:455)
at org.testng.SuiteRunner.runSequentially(SuiteRunner.java:450)
at org.testng.SuiteRunner.privateRun(SuiteRunner.java:415)
at org.testng.SuiteRunner.run(SuiteRunner.java:364)
at org.testng.SuiteRunnerWorker.runSuite(SuiteRunnerWorker.java:52)
at org.testng.SuiteRunnerWorker.run(SuiteRunnerWorker.java:84)
at org.testng.TestNG.runSuitesSequentially(TestNG.java:1208)
at org.testng.TestNG.runSuitesLocally(TestNG.java:1137)
at org.testng.TestNG.runSuites(TestNG.java:1049)
at org.testng.TestNG.run(TestNG.java:1017)
at org.apache.maven.surefire.testng.TestNGExecutor.run(TestNGExecutor.java:283)
at org.apache.maven.surefire.testng.TestNGXmlTestSuite.execute(TestNGXmlTestSuite.java:75)
at org.apache.maven.surefire.testng.TestNGProvider.invoke(TestNGProvider.java:120)
at org.apache.maven.surefire.booter.ForkedBooter.invokeProviderInSameClassLoader(ForkedBooter.java:379)
at org.apache.maven.surefire.booter.ForkedBooter.runSuitesInProcess(ForkedBooter.java:340)
at org.apache.maven.surefire.booter.ForkedBooter.execute(ForkedBooter.java:125)
at org.apache.maven.surefire.booter.ForkedBooter.main(ForkedBooter.java:413)
]]>
            </full-stacktrace>
          </exception> <!-- java.lang.ArithmeticException -->
          <reporter-output>
          </reporter-output>
        </test-method> <!-- Arithmetic -->
        <test-method status="PASS" signature="PostData()[pri:0, instance:testmodule.RestapiTest@da1055]" name="PostData" duration-ms="0" started-at="2018-08-29T19:05:27Z" finished-at="2018-08-29T19:05:27Z">
          <reporter-output>
          </reporter-output>
        </test-method> <!-- PostData -->
        <test-method status="PASS" signature="RetriveData()[pri:0, instance:testmodule.RestapiTest@da1055]" name="RetriveData" duration-ms="0" started-at="2018-08-29T19:05:27Z" finished-at="2018-08-29T19:05:27Z">
          <reporter-output>
          </reporter-output>
        </test-method> <!-- RetriveData -->
      </class> <!-- testmodule.RestapiTest -->
      <class name="testmodule.SeleniumTest">
        <test-method status="PASS" signature="BrowserAuto()[pri:0, instance:testmodule.SeleniumTest@19b4d0f]" name="BrowserAuto" duration-ms="1" started-at="2018-08-29T19:05:27Z" finished-at="2018-08-29T19:05:27Z">
          <reporter-output>
          </reporter-output>
        </test-method> <!-- BrowserAuto -->
        <test-method status="PASS" signature="BrowserTest()[pri:0, instance:testmodule.SeleniumTest@19b4d0f]" name="BrowserTest" duration-ms="0" started-at="2018-08-29T19:05:27Z" finished-at="2018-08-29T19:05:27Z">
          <reporter-output>
          </reporter-output>
        </test-method> <!-- BrowserTest -->
      </class> <!-- testmodule.SeleniumTest -->
    </test> <!-- Test -->
  </suite> <!-- Suite -->
</testng-results>
